<?xml version="1.0" encoding="UTF-8" standalone="no"?>
<?pydev-testrun version="1.0"?><pydev-testsuite>
<summary errors="1" failures="0" finished="true" name="Test Run: 13" tests="0" total_time="Finished in: 0.00 secs."/>
<test location="C:\Users\Shilpa\eclipse-workspace\newtestpython\testpythonselenium\facebooklogin.py" status="error" test="facebooklogin" time="0">
<stdout/>
<stderr><![CDATA[Traceback (most recent call last):
  File "C:\Users\Shilpa\.p2\pool\plugins\org.python.pydev.core_6.4.3.201807050139\pysrc\_pydev_runfiles\pydev_runfiles.py", line 468, in __get_module_from_str
    mod = __import__(modname)
  File "C:/Users/Shilpa/eclipse-workspace/newtestpython/testpythonselenium\facebooklogin.py", line 14, in <module>
    submit   =driver.find_element_by_id("submit")
  File "C:\Users\Shilpa\AppData\Local\Programs\Python\Python37-32\lib\site-packages\selenium\webdriver\remote\webdriver.py", line 359, in find_element_by_id
    return self.find_element(by=By.ID, value=id_)
  File "C:\Users\Shilpa\AppData\Local\Programs\Python\Python37-32\lib\site-packages\selenium\webdriver\remote\webdriver.py", line 966, in find_element
    'value': value})['value']
  File "C:\Users\Shilpa\AppData\Local\Programs\Python\Python37-32\lib\site-packages\selenium\webdriver\remote\webdriver.py", line 320, in execute
    self.error_handler.check_response(response)
  File "C:\Users\Shilpa\AppData\Local\Programs\Python\Python37-32\lib\site-packages\selenium\webdriver\remote\errorhandler.py", line 242, in check_response
    raise exception_class(message, screen, stacktrace)
selenium.common.exceptions.NoSuchElementException: Message: no such element: Unable to locate element: {"method":"id","selector":"submit"}
  (Session info: chrome=67.0.3396.99)
  (Driver info: chromedriver=2.40.565498 (ea082db3280dd6843ebfb08a625e3eb905c4f5ab),platform=Windows NT 10.0.17134 x86_64)

ERROR: Module: facebooklogin could not be imported (file: C:\Users\Shilpa\eclipse-workspace\newtestpython\testpythonselenium\facebooklogin.py).
]]></stderr>
</test>
<launch mode="run">
<launch_memento><![CDATA[<?xml version="1.0" encoding="UTF-8" standalone="no"?>
<launchConfiguration local="true" path="newtestpython facebooklogin.py"/>
]]></launch_memento>
</launch>
</pydev-testsuite>
