<?xml version="1.0" encoding="UTF-8" standalone="no"?>
<?pydev-testrun version="1.0"?><pydev-testsuite>
<summary errors="1" failures="0" finished="true" name="Test Run: 1" tests="0" total_time="Finished in: 0.00 secs."/>
<test location="C:\Users\Shilpa\eclipse-workspace\newtestpython\testpythonselenium\testpysele.py" status="error" test="testpysele" time="0">
<stdout/>
<stderr><![CDATA[Traceback (most recent call last):
  File "C:\Users\Shilpa\AppData\Local\Programs\Python\Python37-32\lib\site-packages\selenium\webdriver\common\service.py", line 76, in start
    stdin=PIPE)
  File "C:\Users\Shilpa\AppData\Local\Programs\Python\Python37-32\lib\subprocess.py", line 756, in __init__
    restore_signals, start_new_session)
  File "C:\Users\Shilpa\AppData\Local\Programs\Python\Python37-32\lib\subprocess.py", line 1155, in _execute_child
    startupinfo)
FileNotFoundError: [WinError 2] The system cannot find the file specified

During handling of the above exception, another exception occurred:

Traceback (most recent call last):
  File "C:\Users\Shilpa\.p2\pool\plugins\org.python.pydev.core_6.4.3.201807050139\pysrc\_pydev_runfiles\pydev_runfiles.py", line 468, in __get_module_from_str
    mod = __import__(modname)
  File "C:/Users/Shilpa/eclipse-workspace/newtestpython/testpythonselenium\testpysele.py", line 9, in <module>
    driver = webdriver.Chrome()
  File "C:\Users\Shilpa\AppData\Local\Programs\Python\Python37-32\lib\site-packages\selenium\webdriver\chrome\webdriver.py", line 68, in __init__
    self.service.start()
  File "C:\Users\Shilpa\AppData\Local\Programs\Python\Python37-32\lib\site-packages\selenium\webdriver\common\service.py", line 83, in start
    os.path.basename(self.path), self.start_error_message)
selenium.common.exceptions.WebDriverException: Message: 'chromedriver' executable needs to be in PATH. Please see https://sites.google.com/a/chromium.org/chromedriver/home

ERROR: Module: testpysele could not be imported (file: C:\Users\Shilpa\eclipse-workspace\newtestpython\testpythonselenium\testpysele.py).
]]></stderr>
</test>
<launch mode="run">
<launch_memento><![CDATA[<?xml version="1.0" encoding="UTF-8" standalone="no"?>
<launchConfiguration local="true" path="newtestpython testpysele.py (1)"/>
]]></launch_memento>
</launch>
</pydev-testsuite>
